Performing C SOURCE FILE Test CMAKE_HAVE_LIBC_PTHREAD failed with the following output:
Change Dir: /home/team/SoftwareDevelopment/ROS2/skinny/build/zed_tracking/CMakeFiles/CMakeTmp

Run Build Command(s):/usr/bin/make cmTC_15c7f/fast && /usr/bin/make -f CMakeFiles/cmTC_15c7f.dir/build.make CMakeFiles/cmTC_15c7f.dir/build
make[1]: Entering directory '/home/team/SoftwareDevelopment/ROS2/skinny/build/zed_tracking/CMakeFiles/CMakeTmp'
Building C object CMakeFiles/cmTC_15c7f.dir/src.c.o
/usr/bin/cc   -DCMAKE_HAVE_LIBC_PTHREAD   -o CMakeFiles/cmTC_15c7f.dir/src.c.o   -c /home/team/SoftwareDevelopment/ROS2/skinny/build/zed_tracking/CMakeFiles/CMakeTmp/src.c
Linking C executable cmTC_15c7f
/usr/bin/cmake -E cmake_link_script CMakeFiles/cmTC_15c7f.dir/link.txt --verbose=1
/usr/bin/cc  -DCMAKE_HAVE_LIBC_PTHREAD    CMakeFiles/cmTC_15c7f.dir/src.c.o  -o cmTC_15c7f 
/usr/bin/ld: CMakeFiles/cmTC_15c7f.dir/src.c.o: in function `main':
src.c:(.text+0x48): undefined reference to `pthread_create'
/usr/bin/ld: src.c:(.text+0x50): undefined reference to `pthread_detach'
/usr/bin/ld: src.c:(.text+0x5c): undefined reference to `pthread_join'
collect2: error: ld returned 1 exit status
make[1]: *** [CMakeFiles/cmTC_15c7f.dir/build.make:87: cmTC_15c7f] Error 1
make[1]: Leaving directory '/home/team/SoftwareDevelopment/ROS2/skinny/build/zed_tracking/CMakeFiles/CMakeTmp'
make: *** [Makefile:121: cmTC_15c7f/fast] Error 2


Source file was:
#include <pthread.h>

void* test_func(void* data)
{
  return data;
}

int main(void)
{
  pthread_t thread;
  pthread_create(&thread, NULL, test_func, NULL);
  pthread_detach(thread);
  pthread_join(thread, NULL);
  pthread_atfork(NULL, NULL, NULL);
  pthread_exit(NULL);

  return 0;
}

Determining if the function pthread_create exists in the pthreads failed with the following output:
Change Dir: /home/team/SoftwareDevelopment/ROS2/skinny/build/zed_tracking/CMakeFiles/CMakeTmp

Run Build Command(s):/usr/bin/make cmTC_3c5ce/fast && /usr/bin/make -f CMakeFiles/cmTC_3c5ce.dir/build.make CMakeFiles/cmTC_3c5ce.dir/build
make[1]: Entering directory '/home/team/SoftwareDevelopment/ROS2/skinny/build/zed_tracking/CMakeFiles/CMakeTmp'
Building C object CMakeFiles/cmTC_3c5ce.dir/CheckFunctionExists.c.o
/usr/bin/cc   -DCHECK_FUNCTION_EXISTS=pthread_create   -o CMakeFiles/cmTC_3c5ce.dir/CheckFunctionExists.c.o   -c /usr/share/cmake-3.16/Modules/CheckFunctionExists.c
Linking C executable cmTC_3c5ce
/usr/bin/cmake -E cmake_link_script CMakeFiles/cmTC_3c5ce.dir/link.txt --verbose=1
/usr/bin/cc  -DCHECK_FUNCTION_EXISTS=pthread_create    CMakeFiles/cmTC_3c5ce.dir/CheckFunctionExists.c.o  -o cmTC_3c5ce  -lpthreads 
/usr/bin/ld: cannot find -lpthreads
collect2: error: ld returned 1 exit status
make[1]: *** [CMakeFiles/cmTC_3c5ce.dir/build.make:87: cmTC_3c5ce] Error 1
make[1]: Leaving directory '/home/team/SoftwareDevelopment/ROS2/skinny/build/zed_tracking/CMakeFiles/CMakeTmp'
make: *** [Makefile:121: cmTC_3c5ce/fast] Error 2



Determining if the function sgemm_ exists failed with the following output:
Change Dir: /home/team/SoftwareDevelopment/ROS2/skinny/build/zed_tracking/CMakeFiles/CMakeTmp

Run Build Command(s):/usr/bin/make cmTC_1b2fe/fast && /usr/bin/make -f CMakeFiles/cmTC_1b2fe.dir/build.make CMakeFiles/cmTC_1b2fe.dir/build
make[1]: Entering directory '/home/team/SoftwareDevelopment/ROS2/skinny/build/zed_tracking/CMakeFiles/CMakeTmp'
Building C object CMakeFiles/cmTC_1b2fe.dir/CheckFunctionExists.c.o
/usr/bin/cc   -DCHECK_FUNCTION_EXISTS=sgemm_   -o CMakeFiles/cmTC_1b2fe.dir/CheckFunctionExists.c.o   -c /usr/share/cmake-3.16/Modules/CheckFunctionExists.c
Linking C executable cmTC_1b2fe
/usr/bin/cmake -E cmake_link_script CMakeFiles/cmTC_1b2fe.dir/link.txt --verbose=1
/usr/bin/cc  -DCHECK_FUNCTION_EXISTS=sgemm_    CMakeFiles/cmTC_1b2fe.dir/CheckFunctionExists.c.o  -o cmTC_1b2fe 
/usr/bin/ld: CMakeFiles/cmTC_1b2fe.dir/CheckFunctionExists.c.o: in function `main':
CheckFunctionExists.c:(.text+0x10): undefined reference to `sgemm_'
collect2: error: ld returned 1 exit status
make[1]: *** [CMakeFiles/cmTC_1b2fe.dir/build.make:87: cmTC_1b2fe] Error 1
make[1]: Leaving directory '/home/team/SoftwareDevelopment/ROS2/skinny/build/zed_tracking/CMakeFiles/CMakeTmp'
make: *** [Makefile:121: cmTC_1b2fe/fast] Error 2



